max_step        = 10
max_time        = 10
checkpoint interval = -1
plotfile   interval = -1
defining geometry
nx       = 64
defining geometry
maxGrid  = 64
creating grid hierarchy
creating implicit function
all regular geometry
creating geometry service
done with creating geometry service
making dictionary
inititializing data
using backward Euler for parabolic solver
==============================================
tolerance       = 1e-12
maxIter         = 27
blob cen        = 0.3
geom cen        = 0
max vel mag     = 1
max vel rad     = 0.25
max_step        = 10
max_time        = 10
viscosity       = 0.01
==============================================
initializing solver 
EBINS::defineInternals defining parabolic solvers
EBINS::defineInternals defining Helmoltz solver for velocity
EBINS::defineInternals defining Helmoltz solver for species
EBINS::defineInternals defining EBBackwrdEuler solver for velo
EBINS::defineInternals defining EBBackwrdEuler solver for spec
EBINS::defineInternals defining advection operator
EBAdvection::fillkappa : about to exchange
EBAdvection::fillkappa : done with
EBAdvection::constructor leaving
EBINS::defineInternals defining projection operators
EBINS::defineInternals defining advection operator
EBAdvection::fillkappa : about to exchange
EBAdvection::fillkappa : done with
EBAdvection::constructor leaving
after EBINS constructor
going into initialize data 
zero velocity in the interior (potential flow ic)
calling initializespot for scalar 
just making all the species spots
Standard Treb pressure initializtion:
initializing pressure with (I-P)(v*).
(gphi out of initial projection).    
startiing run
inside run
projecting initial velocity
We are starting from scratch so we are projecting the initial velocity.
EBCCProjector::project: |input velo|max = (0@(0 ,0 ,0 ),0@(0 ,0 ,0 ),0@(0 ,0 ,0 )EBCCProjector::project: |input velo|max)
EBCCProjector::project: |kappa DiVU|max  = 64@(0 ,0 ,0 )
EBMultigrid::solve tol = 1e-12,  max iter = 27
EBMultigrid::solve iter = 0, |resid| = 6.400e+01@ (0 ,0 ,0 )
EBMultigrid::solve iter = 1, |resid| = 4.323e+00@ (0 ,63,63), rate = 1.481e+01
EBMultigrid::solve iter = 2, |resid| = 1.583e-01@ (0 ,0 ,0 ), rate = 2.730e+01
EBMultigrid::solve iter = 3, |resid| = 5.225e-03@ (0 ,0 ,0 ), rate = 3.030e+01
EBMultigrid::solve iter = 4, |resid| = 1.652e-04@ (0 ,63,63), rate = 3.163e+01
EBMultigrid::solve iter = 5, |resid| = 5.315e-06@ (0 ,0 ,63), rate = 3.108e+01
EBMultigrid::solve iter = 6, |resid| = 1.843e-07@ (0 ,63,0 ), rate = 2.884e+01
EBMultigrid::solve iter = 7, |resid| = 6.420e-09@ (0 ,63,0 ), rate = 2.871e+01
EBMultigrid::solve iter = 8, |resid| = 2.265e-10@ (0 ,63,0 ), rate = 2.835e+01
EBMultigrid:solve: final     |resid| = 1.046e-11@ (3 ,5 ,40)
EBCCProjector::project: |phi|max  = 9.922e-01@(0 ,57,62)
Using the ***average of MAC gradients*** for the CC gradient.
EBLevelCCProjector::project:|gph|max = (1.000e+00@(13,2 ,1 ),4.974e-14@(0 ,62,0 ),4.974e-14@(0 ,62,0 )EBLevelCCProjector::project:|gph|max)
maxvel = 1.000e+00, dx = 1.562e-02, dt = 7.812e-03
We are starting from scratch so we are  initializing  pressure.
Since there is no Stokes flow initialization and the number of pressure iterations == 0, 
we are using the initial projection's pressure gradient as the initial  pressure.
step = 0, time = 0.000e+00 dt = 7.812e-03
advancing velocity and pressure fields 
mac projecting advection velocity
EBMultigrid::solve tol = 1.000e-12,  max iter = 27
EBMultigrid::solve iter = 0, |resid| = 4.096e+01@ (0 ,63,0 )
EBMultigrid::solve iter = 1, |resid| = 1.209e+00@ (0 ,0 ,0 ), rate = 3.388e+01
EBMultigrid::solve iter = 2, |resid| = 3.436e-02@ (0 ,63,63), rate = 3.518e+01
EBMultigrid::solve iter = 3, |resid| = 1.062e-03@ (0 ,63,63), rate = 3.234e+01
EBMultigrid::solve iter = 4, |resid| = 3.422e-05@ (0 ,63,63), rate = 3.105e+01
EBMultigrid::solve iter = 5, |resid| = 1.127e-06@ (0 ,0 ,0 ), rate = 3.037e+01
EBMultigrid::solve iter = 6, |resid| = 3.761e-08@ (0 ,63,63), rate = 2.997e+01
EBMultigrid::solve iter = 7, |resid| = 1.266e-09@ (0 ,0 ,0 ), rate = 2.971e+01
EBMultigrid::solve iter = 8, |resid| = 4.280e-11@ (0 ,0 ,0 ), rate = 2.957e+01
EBMultigrid:solve: final     |resid| = 1.506e-12@ (0 ,0 ,0 )
calling heat solver for variable 0
EBMultigrid::solve tol = 1.000e-12,  max iter = 27
EBMultigrid::solve iter = 0, |resid| = 1.272e+00@ (63,63,63)
EBMultigrid::solve iter = 1, |resid| = 1.990e-05@ (3 ,3 ,60), rate = 6.394e+04
EBMultigrid::solve iter = 2, |resid| = 2.281e-09@ (3 ,4 ,59), rate = 8.722e+03
EBMultigrid:solve: final     |resid| = 7.456e-13@ (61,24,21)
calling heat solver for variable 1
EBMultigrid::solve tol = 1.000e-12,  max iter = 27
EBMultigrid::solve iter = 0, |resid| = 2.642e-02@ (1 ,1 ,1 )
EBMultigrid::solve iter = 1, |resid| = 2.835e-06@ (2 ,60,8 ), rate = 9.321e+03
EBMultigrid::solve iter = 2, |resid| = 5.286e-10@ (2 ,5 ,51), rate = 5.363e+03
EBMultigrid::solve iter = 3, |resid| = 1.273e-13@ (2 ,58,16), rate = 4.152e+03
EBMultigrid:solve: final     |resid| = 3.448e-17@ (2 ,6 ,46)
calling heat solver for variable 2
EBMultigrid::solve tol = 1.000e-12,  max iter = 27
EBMultigrid::solve iter = 0, |resid| = 2.642e-02@ (1 ,1 ,1 )
EBMultigrid::solve iter = 1, |resid| = 2.835e-06@ (2 ,55,3 ), rate = 9.321e+03
EBMultigrid::solve iter = 2, |resid| = 5.286e-10@ (2 ,12,58), rate = 5.363e+03
EBMultigrid::solve iter = 3, |resid| = 1.273e-13@ (2 ,47,5 ), rate = 4.152e+03
EBMultigrid:solve: final     |resid| = 3.426e-17@ (2 ,28,6 )
cc projecting vel + gphi*dt
EBCCProjector::project: |input velo|max = (1.000e+00@(9 ,5 ,5 ),1.749e-02@(1 ,1 ,2 ),1.749e-02@(1 ,61,62)EBCCProjector::project: |input velo|max)
EBCCProjector::project: |kappa DiVU|max  = 3.037e+01@(0 ,0 ,63)
EBMultigrid::solve tol = 1.000e-12,  max iter = 27
EBMultigrid::solve iter = 0, |resid| = 3.037e+01@ (0 ,0 ,63)
EBMultigrid::solve iter = 1, |resid| = 1.178e+00@ (0 ,0 ,0 ), rate = 2.579e+01
EBMultigrid::solve iter = 2, |resid| = 3.534e-02@ (0 ,0 ,0 ), rate = 3.333e+01
EBMultigrid::solve iter = 3, |resid| = 1.122e-03@ (0 ,0 ,0 ), rate = 3.149e+01
EBMultigrid::solve iter = 4, |resid| = 3.670e-05@ (0 ,63,63), rate = 3.057e+01
EBMultigrid::solve iter = 5, |resid| = 1.221e-06@ (0 ,0 ,0 ), rate = 3.006e+01
EBMultigrid::solve iter = 6, |resid| = 4.104e-08@ (0 ,63,63), rate = 2.975e+01
EBMultigrid::solve iter = 7, |resid| = 1.389e-09@ (0 ,63,63), rate = 2.955e+01
EBMultigrid::solve iter = 8, |resid| = 4.717e-11@ (0 ,0 ,0 ), rate = 2.944e+01
EBMultigrid:solve: final     |resid| = 1.727e-12@ (0 ,63,63)
EBCCProjector::project: |phi|max  = 4.406e-02@(0 ,0 ,63)
Using the ***average of MAC gradients*** for the CC gradient.
EBLevelCCProjector::project:|gph|max = (2.884e-01@(0 ,63,0 ),1.338e-01@(0 ,63,32),1.338e-01@(0 ,31,0 )EBLevelCCProjector::project:|gph|max)
advancing passive scalar
advancing species advection/diffusion
getting reaction rates and evolving species
maxvel = 1.078e+00, dx = 1.562e-02, dt = 7.248e-03
step = 1, time = 7.812e-03 dt = 7.248e-03
advancing velocity and pressure fields 
mac projecting advection velocity
EBMultigrid::solve tol = 1.000e-12,  max iter = 27
EBMultigrid::solve iter = 0, |resid| = 3.970e+01@ (0 ,63,0 )
EBMultigrid::solve iter = 1, |resid| = 1.007e+00@ (0 ,0 ,0 ), rate = 3.944e+01
EBMultigrid::solve iter = 2, |resid| = 2.716e-02@ (0 ,0 ,0 ), rate = 3.706e+01
EBMultigrid::solve iter = 3, |resid| = 8.171e-04@ (0 ,63,63), rate = 3.324e+01
EBMultigrid::solve iter = 4, |resid| = 2.591e-05@ (0 ,63,63), rate = 3.154e+01
EBMultigrid::solve iter = 5, |resid| = 8.447e-07@ (0 ,0 ,0 ), rate = 3.067e+01
EBMultigrid::solve iter = 6, |resid| = 2.799e-08@ (0 ,63,63), rate = 3.017e+01
EBMultigrid::solve iter = 7, |resid| = 9.377e-10@ (0 ,63,63), rate = 2.986e+01
EBMultigrid:solve: final     |resid| = 3.164e-11@ (0 ,63,63)
calling heat solver for variable 0
EBMultigrid::solve tol = 1.000e-12,  max iter = 27
EBMultigrid::solve iter = 0, |resid| = 5.439e-01@ (1 ,0 ,0 )
EBMultigrid::solve iter = 1, |resid| = 1.875e-05@ (8 ,7 ,7 ), rate = 2.900e+04
EBMultigrid::solve iter = 2, |resid| = 3.649e-09@ (61,16,47), rate = 5.139e+03
EBMultigrid::solve iter = 3, |resid| = 8.682e-13@ (61,19,18), rate = 4.203e+03
EBMultigrid:solve: final     |resid| = 1.332e-15@ (39,36,21)
calling heat solver for variable 1
EBMultigrid::solve tol = 1.000e-12,  max iter = 27
EBMultigrid::solve iter = 0, |resid| = 1.292e-01@ (0 ,1 ,33)
EBMultigrid::solve iter = 1, |resid| = 2.404e-05@ (2 ,59,31), rate = 5.374e+03
EBMultigrid::solve iter = 2, |resid| = 4.188e-09@ (2 ,6 ,32), rate = 5.742e+03
EBMultigrid::solve iter = 3, |resid| = 8.223e-13@ (2 ,56,32), rate = 5.093e+03
EBMultigrid:solve: final     |resid| = 2.220e-16@ (2 ,6 ,24)
calling heat solver for variable 2
EBMultigrid::solve tol = 1.000e-12,  max iter = 27
EBMultigrid::solve iter = 0, |resid| = 1.292e-01@ (0 ,30,1 )
EBMultigrid::solve iter = 1, |resid| = 2.404e-05@ (2 ,32,4 ), rate = 5.374e+03
EBMultigrid::solve iter = 2, |resid| = 4.188e-09@ (2 ,32,6 ), rate = 5.742e+03
EBMultigrid::solve iter = 3, |resid| = 8.223e-13@ (2 ,31,7 ), rate = 5.093e+03
EBMultigrid:solve: final     |resid| = 2.082e-16@ (2 ,27,7 )
cc projecting vel + gphi*dt
EBCCProjector::project: |input velo|max = (1.059e+00@(4 ,60,3 ),1.275e-01@(0 ,1 ,30),1.275e-01@(0 ,33,62)EBCCProjector::project: |input velo|max)
EBCCProjector::project: |kappa DiVU|max  = 4.049e+01@(0 ,0 ,63)
EBMultigrid::solve tol = 1.000e-12,  max iter = 27
EBMultigrid::solve iter = 0, |resid| = 4.049e+01@ (0 ,0 ,63)
EBMultigrid::solve iter = 1, |resid| = 1.289e+00@ (0 ,63,63), rate = 3.140e+01
EBMultigrid::solve iter = 2, |resid| = 3.625e-02@ (0 ,0 ,0 ), rate = 3.556e+01
EBMultigrid::solve iter = 3, |resid| = 1.114e-03@ (0 ,0 ,0 ), rate = 3.254e+01
EBMultigrid::solve iter = 4, |resid| = 3.572e-05@ (0 ,63,63), rate = 3.118e+01
EBMultigrid::solve iter = 5, |resid| = 1.173e-06@ (0 ,63,63), rate = 3.047e+01
EBMultigrid::solve iter = 6, |resid| = 3.902e-08@ (0 ,63,63), rate = 3.005e+01
EBMultigrid::solve iter = 7, |resid| = 1.310e-09@ (0 ,0 ,0 ), rate = 2.978e+01
EBMultigrid::solve iter = 8, |resid| = 4.425e-11@ (0 ,63,63), rate = 2.961e+01
EBMultigrid:solve: final     |resid| = 1.492e-12@ (0 ,0 ,0 )
EBCCProjector::project: |phi|max  = 3.617e-02@(0 ,63,0 )
Using the ***average of MAC gradients*** for the CC gradient.
EBLevelCCProjector::project:|gph|max = (3.637e-01@(0 ,63,0 ),1.444e-01@(0 ,63,2 ),1.444e-01@(0 ,61,0 )EBLevelCCProjector::project:|gph|max)
advancing passive scalar
advancing species advection/diffusion
getting reaction rates and evolving species
maxvel = 1.129e+00, dx = 1.562e-02, dt = 6.922e-03
step = 2, time = 1.506e-02 dt = 6.922e-03
advancing velocity and pressure fields 
mac projecting advection velocity
EBMultigrid::solve tol = 1.000e-12,  max iter = 27
EBMultigrid::solve iter = 0, |resid| = 3.849e+01@ (0 ,0 ,0 )
EBMultigrid::solve iter = 1, |resid| = 8.814e-01@ (0 ,0 ,0 ), rate = 4.367e+01
EBMultigrid::solve iter = 2, |resid| = 2.280e-02@ (0 ,63,63), rate = 3.865e+01
EBMultigrid::solve iter = 3, |resid| = 6.695e-04@ (0 ,0 ,0 ), rate = 3.406e+01
EBMultigrid::solve iter = 4, |resid| = 2.092e-05@ (0 ,63,63), rate = 3.200e+01
EBMultigrid::solve iter = 5, |resid| = 6.753e-07@ (0 ,63,63), rate = 3.098e+01
EBMultigrid::solve iter = 6, |resid| = 2.222e-08@ (0 ,0 ,0 ), rate = 3.040e+01
EBMultigrid::solve iter = 7, |resid| = 7.400e-10@ (0 ,0 ,0 ), rate = 3.002e+01
EBMultigrid:solve: final     |resid| = 2.486e-11@ (0 ,0 ,0 )
calling heat solver for variable 0
EBMultigrid::solve tol = 1.000e-12,  max iter = 27
EBMultigrid::solve iter = 0, |resid| = 2.461e-01@ (1 ,63,63)
EBMultigrid::solve iter = 1, |resid| = 1.174e-05@ (7 ,56,7 ), rate = 2.095e+04
EBMultigrid::solve iter = 2, |resid| = 1.763e-09@ (61,16,47), rate = 6.661e+03
EBMultigrid::solve iter = 3, |resid| = 3.395e-13@ (61,21,22), rate = 5.193e+03
EBMultigrid:solve: final     |resid| = 1.110e-15@ (4 ,56,2 )
calling heat solver for variable 1
EBMultigrid::solve tol = 1.000e-12,  max iter = 27
EBMultigrid::solve iter = 0, |resid| = 1.118e-01@ (0 ,1 ,60)
EBMultigrid::solve iter = 1, |resid| = 1.608e-05@ (2 ,4 ,56), rate = 6.951e+03
EBMultigrid::solve iter = 2, |resid| = 2.211e-09@ (2 ,57,11), rate = 7.272e+03
EBMultigrid::solve iter = 3, |resid| = 3.468e-13@ (2 ,56,50), rate = 6.377e+03
EBMultigrid:solve: final     |resid| = 1.665e-16@ (0 ,0 ,12)
calling heat solver for variable 2
EBMultigrid::solve tol = 1.000e-12,  max iter = 27
EBMultigrid::solve iter = 0, |resid| = 1.118e-01@ (0 ,60,1 )
EBMultigrid::solve iter = 1, |resid| = 1.608e-05@ (2 ,56,4 ), rate = 6.951e+03
EBMultigrid::solve iter = 2, |resid| = 2.211e-09@ (2 ,11,57), rate = 7.272e+03
EBMultigrid::solve iter = 3, |resid| = 3.468e-13@ (2 ,13,7 ), rate = 6.377e+03
EBMultigrid:solve: final     |resid| = 2.220e-16@ (0 ,49,62)
cc projecting vel + gphi*dt
EBCCProjector::project: |input velo|max = (1.108e+00@(3 ,3 ,3 ),2.204e-01@(0 ,1 ,30),2.204e-01@(0 ,33,1 )EBCCProjector::project: |input velo|max)
EBCCProjector::project: |kappa DiVU|max  = 4.380e+01@(0 ,0 ,63)
EBMultigrid::solve tol = 1.000e-12,  max iter = 27
EBMultigrid::solve iter = 0, |resid| = 4.380e+01@ (0 ,0 ,63)
EBMultigrid::solve iter = 1, |resid| = 1.210e+00@ (0 ,63,63), rate = 3.618e+01
EBMultigrid::solve iter = 2, |resid| = 3.246e-02@ (0 ,63,63), rate = 3.729e+01
EBMultigrid::solve iter = 3, |resid| = 9.725e-04@ (0 ,0 ,0 ), rate = 3.338e+01
EBMultigrid::solve iter = 4, |resid| = 3.070e-05@ (0 ,0 ,0 ), rate = 3.168e+01
EBMultigrid::solve iter = 5, |resid| = 9.965e-07@ (0 ,0 ,0 ), rate = 3.081e+01
EBMultigrid::solve iter = 6, |resid| = 3.288e-08@ (0 ,63,63), rate = 3.031e+01
EBMultigrid::solve iter = 7, |resid| = 1.096e-09@ (0 ,0 ,0 ), rate = 2.999e+01
EBMultigrid:solve: final     |resid| = 3.683e-11@ (0 ,0 ,0 )
EBCCProjector::project: |phi|max  = 2.941e-02@(0 ,0 ,63)
Using the ***average of MAC gradients*** for the CC gradient.
EBLevelCCProjector::project:|gph|max = (3.827e-01@(0 ,63,0 ),1.508e-01@(0 ,0 ,63),1.508e-01@(0 ,0 ,63)EBLevelCCProjector::project:|gph|max)
advancing passive scalar
advancing species advection/diffusion
getting reaction rates and evolving species
maxvel = 1.168e+00, dx = 1.562e-02, dt = 6.691e-03
step = 3, time = 2.198e-02 dt = 6.691e-03
advancing velocity and pressure fields 
mac projecting advection velocity
EBMultigrid::solve tol = 1.000e-12,  max iter = 27
EBMultigrid::solve iter = 0, |resid| = 3.733e+01@ (0 ,63,0 )
EBMultigrid::solve iter = 1, |resid| = 8.043e-01@ (0 ,63,63), rate = 4.641e+01
EBMultigrid::solve iter = 2, |resid| = 2.019e-02@ (0 ,0 ,0 ), rate = 3.984e+01
EBMultigrid::solve iter = 3, |resid| = 5.818e-04@ (0 ,0 ,0 ), rate = 3.470e+01
EBMultigrid::solve iter = 4, |resid| = 1.797e-05@ (0 ,63,63), rate = 3.238e+01
EBMultigrid::solve iter = 5, |resid| = 5.753e-07@ (0 ,0 ,0 ), rate = 3.124e+01
EBMultigrid::solve iter = 6, |resid| = 1.881e-08@ (0 ,63,63), rate = 3.059e+01
EBMultigrid::solve iter = 7, |resid| = 6.233e-10@ (0 ,63,63), rate = 3.017e+01
EBMultigrid:solve: final     |resid| = 2.086e-11@ (0 ,0 ,0 )
calling heat solver for variable 0
EBMultigrid::solve tol = 1.000e-12,  max iter = 27
EBMultigrid::solve iter = 0, |resid| = 1.148e-01@ (1 ,0 ,63)
EBMultigrid::solve iter = 1, |resid| = 7.580e-06@ (8 ,8 ,8 ), rate = 1.514e+04
EBMultigrid::solve iter = 2, |resid| = 9.851e-10@ (61,17,46), rate = 7.695e+03
EBMultigrid::solve iter = 3, |resid| = 1.616e-13@ (61,42,41), rate = 6.094e+03
EBMultigrid:solve: final     |resid| = 1.110e-15@ (1 ,54,4 )
calling heat solver for variable 1
EBMultigrid::solve tol = 1.000e-12,  max iter = 27
EBMultigrid::solve iter = 0, |resid| = 8.167e-02@ (0 ,1 ,61)
EBMultigrid::solve iter = 1, |resid| = 1.083e-05@ (2 ,59,7 ), rate = 7.538e+03
EBMultigrid::solve iter = 2, |resid| = 1.276e-09@ (2 ,6 ,10), rate = 8.488e+03
EBMultigrid::solve iter = 3, |resid| = 1.699e-13@ (2 ,56,50), rate = 7.510e+03
EBMultigrid:solve: final     |resid| = 1.665e-16@ (0 ,61,3 )
calling heat solver for variable 2
EBMultigrid::solve tol = 1.000e-12,  max iter = 27
EBMultigrid::solve iter = 0, |resid| = 8.167e-02@ (0 ,61,1 )
EBMultigrid::solve iter = 1, |resid| = 1.083e-05@ (2 ,7 ,59), rate = 7.538e+03
EBMultigrid::solve iter = 2, |resid| = 1.276e-09@ (2 ,10,6 ), rate = 8.488e+03
EBMultigrid::solve iter = 3, |resid| = 1.700e-13@ (2 ,50,56), rate = 7.510e+03
EBMultigrid:solve: final     |resid| = 1.665e-16@ (0 ,28,0 )
cc projecting vel + gphi*dt
EBCCProjector::project: |input velo|max = (1.142e+00@(4 ,59,4 ),2.862e-01@(0 ,1 ,59),2.862e-01@(0 ,4 ,62)EBCCProjector::project: |input velo|max)
EBCCProjector::project: |kappa DiVU|max  = 4.454e+01@(0 ,0 ,63)
EBMultigrid::solve tol = 1.000e-12,  max iter = 27
EBMultigrid::solve iter = 0, |resid| = 4.454e+01@ (0 ,0 ,63)
EBMultigrid::solve iter = 1, |resid| = 1.118e+00@ (0 ,63,63), rate = 3.984e+01
EBMultigrid::solve iter = 2, |resid| = 2.897e-02@ (0 ,0 ,0 ), rate = 3.860e+01
EBMultigrid::solve iter = 3, |resid| = 8.515e-04@ (0 ,0 ,0 ), rate = 3.402e+01
EBMultigrid::solve iter = 4, |resid| = 2.656e-05@ (0 ,63,63), rate = 3.206e+01
EBMultigrid::solve iter = 5, |resid| = 8.547e-07@ (0 ,0 ,0 ), rate = 3.107e+01
EBMultigrid::solve iter = 6, |resid| = 2.801e-08@ (0 ,63,63), rate = 3.051e+01
EBMultigrid::solve iter = 7, |resid| = 9.288e-10@ (0 ,0 ,0 ), rate = 3.016e+01
EBMultigrid:solve: final     |resid| = 3.111e-11@ (0 ,0 ,0 )
EBCCProjector::project: |phi|max  = 2.487e-02@(0 ,63,0 )
Using the ***average of MAC gradients*** for the CC gradient.
EBLevelCCProjector::project:|gph|max = (3.835e-01@(0 ,63,0 ),1.563e-01@(0 ,63,0 ),1.563e-01@(0 ,0 ,63)EBLevelCCProjector::project:|gph|max)
advancing passive scalar
advancing species advection/diffusion
getting reaction rates and evolving species
maxvel = 1.192e+00, dx = 1.562e-02, dt = 6.552e-03
step = 4, time = 2.867e-02 dt = 6.552e-03
advancing velocity and pressure fields 
mac projecting advection velocity
EBMultigrid::solve tol = 1.000e-12,  max iter = 27
EBMultigrid::solve iter = 0, |resid| = 3.653e+01@ (0 ,0 ,0 )
EBMultigrid::solve iter = 1, |resid| = 7.607e-01@ (0 ,0 ,0 ), rate = 4.802e+01
EBMultigrid::solve iter = 2, |resid| = 1.869e-02@ (0 ,0 ,0 ), rate = 4.071e+01
EBMultigrid::solve iter = 3, |resid| = 5.310e-04@ (0 ,0 ,0 ), rate = 3.519e+01
EBMultigrid::solve iter = 4, |resid| = 1.625e-05@ (0 ,63,63), rate = 3.268e+01
EBMultigrid::solve iter = 5, |resid| = 5.167e-07@ (0 ,0 ,0 ), rate = 3.145e+01
EBMultigrid::solve iter = 6, |resid| = 1.680e-08@ (0 ,63,63), rate = 3.075e+01
EBMultigrid::solve iter = 7, |resid| = 5.545e-10@ (0 ,63,63), rate = 3.030e+01
EBMultigrid:solve: final     |resid| = 1.849e-11@ (0 ,0 ,0 )
calling heat solver for variable 0
EBMultigrid::solve tol = 1.000e-12,  max iter = 27
EBMultigrid::solve iter = 0, |resid| = 8.717e-02@ (63,1 ,1 )
EBMultigrid::solve iter = 1, |resid| = 5.622e-06@ (7 ,55,8 ), rate = 1.551e+04
EBMultigrid::solve iter = 2, |resid| = 6.631e-10@ (61,18,45), rate = 8.478e+03
EBMultigrid::solve iter = 3, |resid| = 9.859e-14@ (61,27,22), rate = 6.726e+03
EBMultigrid:solve: final     |resid| = 1.110e-15@ (53,42,13)
calling heat solver for variable 1
EBMultigrid::solve tol = 1.000e-12,  max iter = 27
EBMultigrid::solve iter = 0, |resid| = 6.190e-02@ (0 ,2 ,60)
EBMultigrid::solve iter = 1, |resid| = 8.055e-06@ (2 ,59,7 ), rate = 7.685e+03
EBMultigrid::solve iter = 2, |resid| = 8.724e-10@ (2 ,57,53), rate = 9.233e+03
EBMultigrid::solve iter = 3, |resid| = 1.051e-13@ (2 ,7 ,13), rate = 8.301e+03
EBMultigrid:solve: final     |resid| = 2.220e-16@ (1 ,1 ,7 )
calling heat solver for variable 2
EBMultigrid::solve tol = 1.000e-12,  max iter = 27
EBMultigrid::solve iter = 0, |resid| = 6.190e-02@ (0 ,3 ,61)
EBMultigrid::solve iter = 1, |resid| = 8.055e-06@ (2 ,7 ,59), rate = 7.685e+03
EBMultigrid::solve iter = 2, |resid| = 8.724e-10@ (2 ,53,57), rate = 9.233e+03
EBMultigrid::solve iter = 3, |resid| = 1.051e-13@ (2 ,51,7 ), rate = 8.301e+03
EBMultigrid:solve: final     |resid| = 2.220e-16@ (0 ,2 ,1 )
cc projecting vel + gphi*dt
EBCCProjector::project: |input velo|max = (1.169e+00@(4 ,59,4 ),3.321e-01@(0 ,1 ,60),3.321e-01@(0 ,3 ,62)EBCCProjector::project: |input velo|max)
EBCCProjector::project: |kappa DiVU|max  = 4.461e+01@(0 ,0 ,63)
EBMultigrid::solve tol = 1.000e-12,  max iter = 27
EBMultigrid::solve iter = 0, |resid| = 4.461e+01@ (0 ,0 ,63)
EBMultigrid::solve iter = 1, |resid| = 1.052e+00@ (0 ,63,63), rate = 4.239e+01
EBMultigrid::solve iter = 2, |resid| = 2.659e-02@ (0 ,0 ,0 ), rate = 3.958e+01
EBMultigrid::solve iter = 3, |resid| = 7.704e-04@ (0 ,0 ,0 ), rate = 3.451e+01
EBMultigrid::solve iter = 4, |resid| = 2.381e-05@ (0 ,63,63), rate = 3.236e+01
EBMultigrid::solve iter = 5, |resid| = 7.608e-07@ (0 ,63,63), rate = 3.129e+01
EBMultigrid::solve iter = 6, |resid| = 2.479e-08@ (0 ,0 ,0 ), rate = 3.069e+01
EBMultigrid::solve iter = 7, |resid| = 8.181e-10@ (0 ,63,63), rate = 3.031e+01
EBMultigrid:solve: final     |resid| = 2.721e-11@ (0 ,0 ,0 )
EBCCProjector::project: |phi|max  = 2.193e-02@(0 ,63,0 )
Using the ***average of MAC gradients*** for the CC gradient.
EBLevelCCProjector::project:|gph|max = (3.806e-01@(0 ,63,0 ),1.582e-01@(0 ,0 ,63),1.582e-01@(0 ,63,0 )EBLevelCCProjector::project:|gph|max)
advancing passive scalar
advancing species advection/diffusion
getting reaction rates and evolving species
maxvel = 1.209e+00, dx = 1.562e-02, dt = 6.463e-03
step = 5, time = 3.522e-02 dt = 6.463e-03
advancing velocity and pressure fields 
mac projecting advection velocity
EBMultigrid::solve tol = 1.000e-12,  max iter = 27
EBMultigrid::solve iter = 0, |resid| = 3.598e+01@ (0 ,0 ,0 )
EBMultigrid::solve iter = 1, |resid| = 7.345e-01@ (0 ,0 ,0 ), rate = 4.898e+01
EBMultigrid::solve iter = 2, |resid| = 1.776e-02@ (0 ,63,63), rate = 4.136e+01
EBMultigrid::solve iter = 3, |resid| = 4.995e-04@ (0 ,0 ,0 ), rate = 3.555e+01
EBMultigrid::solve iter = 4, |resid| = 1.518e-05@ (0 ,0 ,0 ), rate = 3.291e+01
EBMultigrid::solve iter = 5, |resid| = 4.800e-07@ (0 ,0 ,0 ), rate = 3.162e+01
EBMultigrid::solve iter = 6, |resid| = 1.554e-08@ (0 ,0 ,0 ), rate = 3.088e+01
EBMultigrid::solve iter = 7, |resid| = 5.110e-10@ (0 ,0 ,0 ), rate = 3.041e+01
EBMultigrid:solve: final     |resid| = 1.697e-11@ (0 ,63,63)
calling heat solver for variable 0
EBMultigrid::solve tol = 1.000e-12,  max iter = 27
EBMultigrid::solve iter = 0, |resid| = 7.214e-02@ (8 ,62,1 )
EBMultigrid::solve iter = 1, |resid| = 5.187e-06@ (60,60,60), rate = 1.391e+04
EBMultigrid::solve iter = 2, |resid| = 5.016e-10@ (61,45,18), rate = 1.034e+04
EBMultigrid:solve: final     |resid| = 6.994e-14@ (61,29,20)
calling heat solver for variable 1
EBMultigrid::solve tol = 1.000e-12,  max iter = 27
EBMultigrid::solve iter = 0, |resid| = 4.834e-02@ (0 ,2 ,3 )
EBMultigrid::solve iter = 1, |resid| = 6.442e-06@ (2 ,5 ,7 ), rate = 7.504e+03
EBMultigrid::solve iter = 2, |resid| = 6.654e-10@ (2 ,6 ,10), rate = 9.682e+03
EBMultigrid::solve iter = 3, |resid| = 7.519e-14@ (2 ,56,12), rate = 8.849e+03
EBMultigrid:solve: final     |resid| = 2.220e-16@ (0 ,62,1 )
calling heat solver for variable 2
EBMultigrid::solve tol = 1.000e-12,  max iter = 27
EBMultigrid::solve iter = 0, |resid| = 4.834e-02@ (0 ,60,61)
EBMultigrid::solve iter = 1, |resid| = 6.442e-06@ (2 ,7 ,5 ), rate = 7.504e+03
EBMultigrid::solve iter = 2, |resid| = 6.654e-10@ (2 ,10,6 ), rate = 9.682e+03
EBMultigrid::solve iter = 3, |resid| = 7.522e-14@ (2 ,12,56), rate = 8.846e+03
EBMultigrid:solve: final     |resid| = 2.220e-16@ (0 ,24,1 )
cc projecting vel + gphi*dt
EBCCProjector::project: |input velo|max = (1.190e+00@(4 ,59,4 ),3.660e-01@(0 ,61,3 ),3.660e-01@(0 ,60,2 )EBCCProjector::project: |input velo|max)
EBCCProjector::project: |kappa DiVU|max  = 4.447e+01@(0 ,0 ,63)
EBMultigrid::solve tol = 1.000e-12,  max iter = 27
EBMultigrid::solve iter = 0, |resid| = 4.447e+01@ (0 ,0 ,63)
EBMultigrid::solve iter = 1, |resid| = 1.008e+00@ (0 ,63,63), rate = 4.410e+01
EBMultigrid::solve iter = 2, |resid| = 2.502e-02@ (0 ,0 ,0 ), rate = 4.031e+01
EBMultigrid::solve iter = 3, |resid| = 7.171e-04@ (0 ,0 ,0 ), rate = 3.489e+01
EBMultigrid::solve iter = 4, |resid| = 2.200e-05@ (0 ,63,63), rate = 3.260e+01
EBMultigrid::solve iter = 5, |resid| = 6.990e-07@ (0 ,63,63), rate = 3.147e+01
EBMultigrid::solve iter = 6, |resid| = 2.267e-08@ (0 ,0 ,0 ), rate = 3.083e+01
EBMultigrid::solve iter = 7, |resid| = 7.448e-10@ (0 ,63,63), rate = 3.044e+01
EBMultigrid:solve: final     |resid| = 2.471e-11@ (0 ,0 ,0 )
EBCCProjector::project: |phi|max  = 1.994e-02@(0 ,0 ,63)
Using the ***average of MAC gradients*** for the CC gradient.
EBLevelCCProjector::project:|gph|max = (3.772e-01@(0 ,0 ,63),1.588e-01@(0 ,63,0 ),1.588e-01@(0 ,63,0 )EBLevelCCProjector::project:|gph|max)
advancing passive scalar
advancing species advection/diffusion
getting reaction rates and evolving species
maxvel = 1.226e+00, dx = 1.562e-02, dt = 6.374e-03
step = 6, time = 4.169e-02 dt = 6.374e-03
advancing velocity and pressure fields 
mac projecting advection velocity
EBMultigrid::solve tol = 1.000e-12,  max iter = 27
EBMultigrid::solve iter = 0, |resid| = 3.546e+01@ (0 ,0 ,0 )
EBMultigrid::solve iter = 1, |resid| = 7.142e-01@ (0 ,0 ,0 ), rate = 4.964e+01
EBMultigrid::solve iter = 2, |resid| = 1.707e-02@ (0 ,63,63), rate = 4.183e+01
EBMultigrid::solve iter = 3, |resid| = 4.767e-04@ (0 ,63,63), rate = 3.581e+01
EBMultigrid::solve iter = 4, |resid| = 1.441e-05@ (0 ,63,63), rate = 3.308e+01
EBMultigrid::solve iter = 5, |resid| = 4.539e-07@ (0 ,0 ,0 ), rate = 3.175e+01
EBMultigrid::solve iter = 6, |resid| = 1.465e-08@ (0 ,0 ,0 ), rate = 3.099e+01
EBMultigrid::solve iter = 7, |resid| = 4.802e-10@ (0 ,63,63), rate = 3.050e+01
EBMultigrid:solve: final     |resid| = 1.592e-11@ (0 ,0 ,0 )
calling heat solver for variable 0
EBMultigrid::solve tol = 1.000e-12,  max iter = 27
EBMultigrid::solve iter = 0, |resid| = 5.995e-02@ (7 ,62,1 )
EBMultigrid::solve iter = 1, |resid| = 4.724e-06@ (60,3 ,3 ), rate = 1.269e+04
EBMultigrid::solve iter = 2, |resid| = 3.892e-10@ (61,44,19), rate = 1.214e+04
EBMultigrid:solve: final     |resid| = 5.107e-14@ (61,40,19)
calling heat solver for variable 1
EBMultigrid::solve tol = 1.000e-12,  max iter = 27
EBMultigrid::solve iter = 0, |resid| = 3.756e-02@ (0 ,61,60)
EBMultigrid::solve iter = 1, |resid| = 5.342e-06@ (2 ,5 ,7 ), rate = 7.032e+03
EBMultigrid::solve iter = 2, |resid| = 5.184e-10@ (2 ,57,53), rate = 1.031e+04
EBMultigrid::solve iter = 3, |resid| = 5.493e-14@ (2 ,56,12), rate = 9.437e+03
EBMultigrid:solve: final     |resid| = 2.220e-16@ (0 ,1 ,11)
calling heat solver for variable 2
EBMultigrid::solve tol = 1.000e-12,  max iter = 27
EBMultigrid::solve iter = 0, |resid| = 3.756e-02@ (0 ,60,61)
EBMultigrid::solve iter = 1, |resid| = 5.342e-06@ (2 ,7 ,5 ), rate = 7.032e+03
EBMultigrid::solve iter = 2, |resid| = 5.184e-10@ (2 ,10,6 ), rate = 1.031e+04
EBMultigrid::solve iter = 3, |resid| = 5.490e-14@ (2 ,12,56), rate = 9.442e+03
EBMultigrid:solve: final     |resid| = 2.220e-16@ (0 ,19,1 )
cc projecting vel + gphi*dt
EBCCProjector::project: |input velo|max = (1.205e+00@(4 ,59,4 ),3.990e-01@(0 ,61,3 ),3.990e-01@(0 ,60,2 )EBCCProjector::project: |input velo|max)
EBCCProjector::project: |kappa DiVU|max  = 4.412e+01@(0 ,0 ,63)
EBMultigrid::solve tol = 1.000e-12,  max iter = 27
EBMultigrid::solve iter = 0, |resid| = 4.412e+01@ (0 ,0 ,63)
EBMultigrid::solve iter = 1, |resid| = 9.755e-01@ (0 ,63,63), rate = 4.523e+01
EBMultigrid::solve iter = 2, |resid| = 2.388e-02@ (0 ,0 ,0 ), rate = 4.085e+01
EBMultigrid::solve iter = 3, |resid| = 6.787e-04@ (0 ,63,63), rate = 3.518e+01
EBMultigrid::solve iter = 4, |resid| = 2.069e-05@ (0 ,0 ,0 ), rate = 3.280e+01
EBMultigrid::solve iter = 5, |resid| = 6.545e-07@ (0 ,0 ,0 ), rate = 3.162e+01
EBMultigrid::solve iter = 6, |resid| = 2.114e-08@ (0 ,0 ,0 ), rate = 3.096e+01
EBMultigrid::solve iter = 7, |resid| = 6.919e-10@ (0 ,0 ,0 ), rate = 3.055e+01
EBMultigrid:solve: final     |resid| = 2.285e-11@ (0 ,63,63)
EBCCProjector::project: |phi|max  = 1.845e-02@(0 ,63,0 )
Using the ***average of MAC gradients*** for the CC gradient.
EBLevelCCProjector::project:|gph|max = (3.728e-01@(0 ,63,0 ),1.583e-01@(0 ,63,0 ),1.583e-01@(0 ,63,0 )EBLevelCCProjector::project:|gph|max)
advancing passive scalar
advancing species advection/diffusion
getting reaction rates and evolving species
maxvel = 1.239e+00, dx = 1.562e-02, dt = 6.303e-03
step = 7, time = 4.806e-02 dt = 6.303e-03
advancing velocity and pressure fields 
mac projecting advection velocity
EBMultigrid::solve tol = 1.000e-12,  max iter = 27
EBMultigrid::solve iter = 0, |resid| = 3.504e+01@ (0 ,63,63)
EBMultigrid::solve iter = 1, |resid| = 6.998e-01@ (0 ,63,63), rate = 5.007e+01
EBMultigrid::solve iter = 2, |resid| = 1.659e-02@ (0 ,63,63), rate = 4.217e+01
EBMultigrid::solve iter = 3, |resid| = 4.610e-04@ (0 ,0 ,0 ), rate = 3.599e+01
EBMultigrid::solve iter = 4, |resid| = 1.388e-05@ (0 ,63,63), rate = 3.321e+01
EBMultigrid::solve iter = 5, |resid| = 4.359e-07@ (0 ,0 ,0 ), rate = 3.185e+01
EBMultigrid::solve iter = 6, |resid| = 1.403e-08@ (0 ,0 ,0 ), rate = 3.107e+01
EBMultigrid::solve iter = 7, |resid| = 4.588e-10@ (0 ,63,63), rate = 3.058e+01
EBMultigrid:solve: final     |resid| = 1.518e-11@ (0 ,63,63)
calling heat solver for variable 0
EBMultigrid::solve tol = 1.000e-12,  max iter = 27
EBMultigrid::solve iter = 0, |resid| = 4.980e-02@ (7 ,62,1 )
EBMultigrid::solve iter = 1, |resid| = 4.311e-06@ (60,3 ,3 ), rate = 1.155e+04
EBMultigrid::solve iter = 2, |resid| = 3.165e-10@ (61,19,44), rate = 1.362e+04
EBMultigrid:solve: final     |resid| = 3.930e-14@ (61,24,25)
calling heat solver for variable 1
EBMultigrid::solve tol = 1.000e-12,  max iter = 27
EBMultigrid::solve iter = 0, |resid| = 3.051e-02@ (0 ,60,60)
EBMultigrid::solve iter = 1, |resid| = 4.557e-06@ (2 ,5 ,7 ), rate = 6.694e+03
EBMultigrid::solve iter = 2, |resid| = 4.212e-10@ (2 ,6 ,10), rate = 1.082e+04
EBMultigrid::solve iter = 3, |resid| = 4.233e-14@ (2 ,56,12), rate = 9.950e+03
EBMultigrid:solve: final     |resid| = 2.776e-16@ (0 ,61,5 )
calling heat solver for variable 2
EBMultigrid::solve tol = 1.000e-12,  max iter = 27
EBMultigrid::solve iter = 0, |resid| = 3.051e-02@ (0 ,3 ,3 )
EBMultigrid::solve iter = 1, |resid| = 4.557e-06@ (2 ,7 ,5 ), rate = 6.694e+03
EBMultigrid::solve iter = 2, |resid| = 4.212e-10@ (2 ,53,57), rate = 1.082e+04
EBMultigrid::solve iter = 3, |resid| = 4.238e-14@ (2 ,51,7 ), rate = 9.937e+03
EBMultigrid:solve: final     |resid| = 2.220e-16@ (0 ,23,1 )
cc projecting vel + gphi*dt
EBCCProjector::project: |input velo|max = (1.215e+00@(4 ,59,4 ),4.249e-01@(0 ,2 ,60),4.249e-01@(0 ,60,2 )EBCCProjector::project: |input velo|max)
EBCCProjector::project: |kappa DiVU|max  = 4.378e+01@(0 ,63,0 )
EBMultigrid::solve tol = 1.000e-12,  max iter = 27
EBMultigrid::solve iter = 0, |resid| = 4.378e+01@ (0 ,63,0 )
EBMultigrid::solve iter = 1, |resid| = 9.521e-01@ (0 ,0 ,0 ), rate = 4.598e+01
EBMultigrid::solve iter = 2, |resid| = 2.307e-02@ (0 ,63,63), rate = 4.126e+01
EBMultigrid::solve iter = 3, |resid| = 6.516e-04@ (0 ,0 ,0 ), rate = 3.541e+01
EBMultigrid::solve iter = 4, |resid| = 1.977e-05@ (0 ,0 ,0 ), rate = 3.295e+01
EBMultigrid::solve iter = 5, |resid| = 6.229e-07@ (0 ,63,63), rate = 3.175e+01
EBMultigrid::solve iter = 6, |resid| = 2.005e-08@ (0 ,0 ,0 ), rate = 3.107e+01
EBMultigrid::solve iter = 7, |resid| = 6.540e-10@ (0 ,63,63), rate = 3.065e+01
EBMultigrid:solve: final     |resid| = 2.156e-11@ (0 ,0 ,0 )
EBCCProjector::project: |phi|max  = 1.733e-02@(0 ,63,0 )
Using the ***average of MAC gradients*** for the CC gradient.
EBLevelCCProjector::project:|gph|max = (3.688e-01@(0 ,63,0 ),1.576e-01@(0 ,0 ,63),1.576e-01@(0 ,0 ,63)EBLevelCCProjector::project:|gph|max)
advancing passive scalar
advancing species advection/diffusion
getting reaction rates and evolving species
maxvel = 1.249e+00, dx = 1.562e-02, dt = 6.254e-03
step = 8, time = 5.436e-02 dt = 6.254e-03
advancing velocity and pressure fields 
mac projecting advection velocity
EBMultigrid::solve tol = 1.000e-12,  max iter = 27
EBMultigrid::solve iter = 0, |resid| = 3.475e+01@ (0 ,0 ,0 )
EBMultigrid::solve iter = 1, |resid| = 6.901e-01@ (0 ,0 ,0 ), rate = 5.036e+01
EBMultigrid::solve iter = 2, |resid| = 1.627e-02@ (0 ,63,63), rate = 4.242e+01
EBMultigrid::solve iter = 3, |resid| = 4.501e-04@ (0 ,0 ,0 ), rate = 3.614e+01
EBMultigrid::solve iter = 4, |resid| = 1.351e-05@ (0 ,0 ,0 ), rate = 3.332e+01
EBMultigrid::solve iter = 5, |resid| = 4.231e-07@ (0 ,63,63), rate = 3.193e+01
EBMultigrid::solve iter = 6, |resid| = 1.358e-08@ (0 ,0 ,0 ), rate = 3.114e+01
EBMultigrid::solve iter = 7, |resid| = 4.433e-10@ (0 ,63,63), rate = 3.064e+01
EBMultigrid:solve: final     |resid| = 1.462e-11@ (0 ,0 ,0 )
calling heat solver for variable 0
EBMultigrid::solve tol = 1.000e-12,  max iter = 27
EBMultigrid::solve iter = 0, |resid| = 4.295e-02@ (8 ,2 ,62)
EBMultigrid::solve iter = 1, |resid| = 3.984e-06@ (60,3 ,3 ), rate = 1.078e+04
EBMultigrid::solve iter = 2, |resid| = 2.709e-10@ (61,43,20), rate = 1.471e+04
EBMultigrid:solve: final     |resid| = 3.242e-14@ (61,25,30)
calling heat solver for variable 1
EBMultigrid::solve tol = 1.000e-12,  max iter = 27
EBMultigrid::solve iter = 0, |resid| = 2.628e-02@ (0 ,3 ,4 )
EBMultigrid::solve iter = 1, |resid| = 4.003e-06@ (2 ,58,56), rate = 6.564e+03
EBMultigrid::solve iter = 2, |resid| = 3.587e-10@ (2 ,6 ,10), rate = 1.116e+04
EBMultigrid::solve iter = 3, |resid| = 3.489e-14@ (2 ,7 ,51), rate = 1.028e+04
EBMultigrid:solve: final     |resid| = 2.220e-16@ (1 ,2 ,3 )
calling heat solver for variable 2
EBMultigrid::solve tol = 1.000e-12,  max iter = 27
EBMultigrid::solve iter = 0, |resid| = 2.628e-02@ (0 ,59,60)
EBMultigrid::solve iter = 1, |resid| = 4.003e-06@ (2 ,7 ,5 ), rate = 6.564e+03
EBMultigrid::solve iter = 2, |resid| = 3.587e-10@ (2 ,10,6 ), rate = 1.116e+04
EBMultigrid::solve iter = 3, |resid| = 3.481e-14@ (2 ,51,7 ), rate = 1.031e+04
EBMultigrid:solve: final     |resid| = 2.220e-16@ (0 ,25,1 )
cc projecting vel + gphi*dt
EBCCProjector::project: |input velo|max = (1.224e+00@(5 ,58,5 ),4.455e-01@(0 ,61,59),4.455e-01@(0 ,4 ,2 )EBCCProjector::project: |input velo|max)
EBCCProjector::project: |kappa DiVU|max  = 4.353e+01@(0 ,0 ,63)
EBMultigrid::solve tol = 1.000e-12,  max iter = 27
EBMultigrid::solve iter = 0, |resid| = 4.353e+01@ (0 ,0 ,63)
EBMultigrid::solve iter = 1, |resid| = 9.364e-01@ (0 ,63,63), rate = 4.649e+01
EBMultigrid::solve iter = 2, |resid| = 2.252e-02@ (0 ,0 ,0 ), rate = 4.157e+01
EBMultigrid::solve iter = 3, |resid| = 6.330e-04@ (0 ,63,63), rate = 3.559e+01
EBMultigrid::solve iter = 4, |resid| = 1.913e-05@ (0 ,0 ,0 ), rate = 3.308e+01
EBMultigrid::solve iter = 5, |resid| = 6.007e-07@ (0 ,0 ,0 ), rate = 3.185e+01
EBMultigrid::solve iter = 6, |resid| = 1.927e-08@ (0 ,63,63), rate = 3.117e+01
EBMultigrid::solve iter = 7, |resid| = 6.270e-10@ (0 ,63,63), rate = 3.074e+01
EBMultigrid:solve: final     |resid| = 2.059e-11@ (0 ,0 ,0 )
EBCCProjector::project: |phi|max  = 1.649e-02@(0 ,0 ,63)
Using the ***average of MAC gradients*** for the CC gradient.
EBLevelCCProjector::project:|gph|max = (3.659e-01@(0 ,0 ,63),1.571e-01@(0 ,0 ,63),1.571e-01@(0 ,0 ,63)EBLevelCCProjector::project:|gph|max)
advancing passive scalar
advancing species advection/diffusion
getting reaction rates and evolving species
maxvel = 1.256e+00, dx = 1.562e-02, dt = 6.223e-03
step = 9, time = 6.062e-02 dt = 6.223e-03
advancing velocity and pressure fields 
mac projecting advection velocity
EBMultigrid::solve tol = 1.000e-12,  max iter = 27
EBMultigrid::solve iter = 0, |resid| = 3.456e+01@ (0 ,63,63)
EBMultigrid::solve iter = 1, |resid| = 6.838e-01@ (0 ,0 ,0 ), rate = 5.055e+01
EBMultigrid::solve iter = 2, |resid| = 1.604e-02@ (0 ,0 ,0 ), rate = 4.262e+01
EBMultigrid::solve iter = 3, |resid| = 4.425e-04@ (0 ,0 ,0 ), rate = 3.626e+01
EBMultigrid::solve iter = 4, |resid| = 1.325e-05@ (0 ,0 ,0 ), rate = 3.340e+01
EBMultigrid::solve iter = 5, |resid| = 4.139e-07@ (0 ,0 ,0 ), rate = 3.200e+01
EBMultigrid::solve iter = 6, |resid| = 1.326e-08@ (0 ,63,63), rate = 3.121e+01
EBMultigrid::solve iter = 7, |resid| = 4.320e-10@ (0 ,0 ,0 ), rate = 3.070e+01
EBMultigrid:solve: final     |resid| = 1.423e-11@ (0 ,0 ,0 )
calling heat solver for variable 0
EBMultigrid::solve tol = 1.000e-12,  max iter = 27
EBMultigrid::solve iter = 0, |resid| = 3.888e-02@ (9 ,2 ,2 )
EBMultigrid::solve iter = 1, |resid| = 3.726e-06@ (60,3 ,3 ), rate = 1.044e+04
EBMultigrid::solve iter = 2, |resid| = 2.415e-10@ (61,42,21), rate = 1.543e+04
EBMultigrid:solve: final     |resid| = 2.842e-14@ (61,29,42)
calling heat solver for variable 1
EBMultigrid::solve tol = 1.000e-12,  max iter = 27
EBMultigrid::solve iter = 0, |resid| = 2.271e-02@ (0 ,3 ,4 )
EBMultigrid::solve iter = 1, |resid| = 3.596e-06@ (2 ,5 ,7 ), rate = 6.315e+03
EBMultigrid::solve iter = 2, |resid| = 3.175e-10@ (2 ,56,10), rate = 1.132e+04
EBMultigrid::solve iter = 3, |resid| = 3.020e-14@ (2 ,7 ,51), rate = 1.051e+04
EBMultigrid:solve: final     |resid| = 2.220e-16@ (0 ,2 ,18)
calling heat solver for variable 2
EBMultigrid::solve tol = 1.000e-12,  max iter = 27
EBMultigrid::solve iter = 0, |resid| = 2.271e-02@ (0 ,59,60)
EBMultigrid::solve iter = 1, |resid| = 3.596e-06@ (2 ,7 ,5 ), rate = 6.315e+03
EBMultigrid::solve iter = 2, |resid| = 3.175e-10@ (2 ,53,7 ), rate = 1.132e+04
EBMultigrid::solve iter = 3, |resid| = 3.023e-14@ (2 ,12,56), rate = 1.051e+04
EBMultigrid:solve: final     |resid| = 2.220e-16@ (0 ,2 ,1 )
cc projecting vel + gphi*dt
EBCCProjector::project: |input velo|max = (1.235e+00@(5 ,58,5 ),4.621e-01@(0 ,61,59),4.621e-01@(0 ,4 ,2 )EBCCProjector::project: |input velo|max)
EBCCProjector::project: |kappa DiVU|max  = 4.336e+01@(0 ,0 ,63)
EBMultigrid::solve tol = 1.000e-12,  max iter = 27
EBMultigrid::solve iter = 0, |resid| = 4.336e+01@ (0 ,0 ,63)
EBMultigrid::solve iter = 1, |resid| = 9.259e-01@ (0 ,63,63), rate = 4.683e+01
EBMultigrid::solve iter = 2, |resid| = 2.215e-02@ (0 ,0 ,0 ), rate = 4.180e+01
EBMultigrid::solve iter = 3, |resid| = 6.201e-04@ (0 ,0 ,0 ), rate = 3.572e+01
EBMultigrid::solve iter = 4, |resid| = 1.868e-05@ (0 ,63,63), rate = 3.319e+01
EBMultigrid::solve iter = 5, |resid| = 5.850e-07@ (0 ,63,63), rate = 3.194e+01
EBMultigrid::solve iter = 6, |resid| = 1.872e-08@ (0 ,0 ,0 ), rate = 3.125e+01
EBMultigrid::solve iter = 7, |resid| = 6.076e-10@ (0 ,0 ,0 ), rate = 3.082e+01
EBMultigrid:solve: final     |resid| = 1.989e-11@ (0 ,0 ,0 )
EBCCProjector::project: |phi|max  = 1.584e-02@(0 ,0 ,63)
Using the ***average of MAC gradients*** for the CC gradient.
EBLevelCCProjector::project:|gph|max = (3.639e-01@(0 ,0 ,63),1.568e-01@(0 ,63,0 ),1.568e-01@(0 ,63,0 )EBLevelCCProjector::project:|gph|max)
advancing passive scalar
advancing species advection/diffusion
getting reaction rates and evolving species
maxvel = 1.259e+00, dx = 1.562e-02, dt = 6.205e-03
finished run
printing time table 
